This file contains any messages produced by compilers while
running configure, to aid debugging if configure makes a mistake.

It was created by libmesh configure 1.8.0-pre, which was
generated by GNU Autoconf 2.69.  Invocation command line was

  $ ../moose/libmesh/configure 

## --------- ##
## Platform. ##
## --------- ##

hostname = bill-workpc
uname -m = x86_64
uname -r = 5.15.0-52-generic
uname -s = Linux
uname -v = #58-Ubuntu SMP Thu Oct 13 08:03:55 UTC 2022

/usr/bin/uname -p = x86_64
/bin/uname -X     = unknown

/bin/arch              = x86_64
/usr/bin/arch -k       = unknown
/usr/convex/getsysinfo = unknown
/usr/bin/hostinfo      = unknown
/bin/machine           = unknown
/usr/bin/oslevel       = unknown
/bin/universe          = unknown

PATH: /home/bill/.local/bin
PATH: /usr/local/sbin
PATH: /usr/local/bin
PATH: /usr/sbin
PATH: /usr/bin
PATH: /sbin
PATH: /bin
PATH: /usr/games
PATH: /usr/local/games
PATH: /snap/bin
PATH: /opt/ParaView-5.9/bin/
PATH: /opt/ParaView-5.9/bin/


## ----------- ##
## Core tests. ##
## ----------- ##

configure:3789: result: ---------------------------------------------
configure:3791: result: ----------- Configuring libMesh -------------
configure:3793: result: ---------------------------------------------
configure:3835: checking build system type
configure:3849: result: x86_64-pc-linux-gnu
configure:3869: checking host system type
configure:3882: result: x86_64-pc-linux-gnu
configure:3902: checking target system type
configure:3915: result: x86_64-pc-linux-gnu
configure:3988: checking for a BSD-compatible install
configure:4056: result: /usr/bin/install -c
configure:4067: checking whether build environment is sane
configure:4122: result: yes
configure:4273: checking for a thread-safe mkdir -p
configure:4312: result: /usr/bin/mkdir -p
configure:4319: checking for gawk
configure:4335: found /usr/bin/gawk
configure:4346: result: gawk
configure:4357: checking whether make sets $(MAKE)
configure:4379: result: yes
configure:4408: checking whether make supports nested variables
configure:4425: result: yes
configure:4514: checking whether UID '1000' is supported by ustar format
configure:4517: result: yes
configure:4524: checking whether GID '1000' is supported by ustar format
configure:4527: result: yes
configure:4535: checking how to create a ustar tar archive
configure:4546: tar --version
tar (GNU tar) 1.34
Copyright (C) 2021 Free Software Foundation, Inc.
License GPLv3+: GNU GPL version 3 or later <https://gnu.org/licenses/gpl.html>.
This is free software: you are free to change and redistribute it.
There is NO WARRANTY, to the extent permitted by law.

Written by John Gilmore and Jay Fenlason.
configure:4549: $? = 0
configure:4589: tardir=conftest.dir && eval tar --format=ustar -chf - "$tardir" >conftest.tar
configure:4592: $? = 0
configure:4596: tar -xf - <conftest.tar
configure:4599: $? = 0
configure:4601: cat conftest.dir/file
GrepMe
configure:4604: $? = 0
configure:4617: result: gnutar
configure:4680: checking whether make supports nested variables
configure:4697: result: yes
configure:4736: checking whether to enable maintainer-specific portions of Makefiles
configure:4745: result: no
configure:4765: checking for src/base/libmesh.C
configure:4778: result: no
configure:4787: result: <<< Configuring build directory for VPATH build >>>
configure:4817: checking for perl
configure:4835: found /usr/bin/perl
configure:4847: result: /usr/bin/perl
configure:5034: checking for petscarch
configure:5067: result: no
configure:5228: checking whether make supports the include directive
configure:5243: make -f confmf.GNU && cat confinc.out
this is the am__doit target
configure:5246: $? = 0
configure:5265: result: yes (GNU style)
configure:5362: checking for mpicc
configure:5378: found /usr/bin/mpicc
configure:5389: result: mpicc
configure:5420: checking for C compiler version
configure:5429: mpicc --version >&5
gcc (Ubuntu 11.3.0-1ubuntu1~22.04) 11.3.0
Copyright (C) 2021 Free Software Foundation, Inc.
This is free software; see the source for copying conditions.  There is NO
warranty; not even for MERCHANTABILITY or FITNESS FOR A PARTICULAR PURPOSE.

configure:5440: $? = 0
configure:5429: mpicc -v >&5
Using built-in specs.
COLLECT_GCC=/usr/bin/gcc
COLLECT_LTO_WRAPPER=/usr/lib/gcc/x86_64-linux-gnu/11/lto-wrapper
OFFLOAD_TARGET_NAMES=nvptx-none:amdgcn-amdhsa
OFFLOAD_TARGET_DEFAULT=1
Target: x86_64-linux-gnu
Configured with: ../src/configure -v --with-pkgversion='Ubuntu 11.3.0-1ubuntu1~22.04' --with-bugurl=file:///usr/share/doc/gcc-11/README.Bugs --enable-languages=c,ada,c++,go,brig,d,fortran,objc,obj-c++,m2 --prefix=/usr --with-gcc-major-version-only --program-suffix=-11 --program-prefix=x86_64-linux-gnu- --enable-shared --enable-linker-build-id --libexecdir=/usr/lib --without-included-gettext --enable-threads=posix --libdir=/usr/lib --enable-nls --enable-bootstrap --enable-clocale=gnu --enable-libstdcxx-debug --enable-libstdcxx-time=yes --with-default-libstdcxx-abi=new --enable-gnu-unique-object --disable-vtable-verify --enable-plugin --enable-default-pie --with-system-zlib --enable-libphobos-checking=release --with-target-system-zlib=auto --enable-objc-gc=auto --enable-multiarch --disable-werror --enable-cet --with-arch-32=i686 --with-abi=m64 --with-multilib-list=m32,m64,mx32 --enable-multilib --with-tune=generic --enable-offload-targets=nvptx-none=/build/gcc-11-xKiWfi/gcc-11-11.3.0/debian/tmp-nvptx/usr,amdgcn-amdhsa=/build/gcc-11-xKiWfi/gcc-11-11.3.0/debian/tmp-gcn/usr --without-cuda-driver --enable-checking=release --build=x86_64-linux-gnu --host=x86_64-linux-gnu --target=x86_64-linux-gnu --with-build-config=bootstrap-lto-lean --enable-link-serialization=2
Thread model: posix
Supported LTO compression algorithms: zlib zstd
gcc version 11.3.0 (Ubuntu 11.3.0-1ubuntu1~22.04) 
... rest of stderr output deleted ...
configure:5440: $? = 0
configure:5429: mpicc -V >&5
gcc: error: unrecognized command-line option '-V'
gcc: fatal error: no input files
compilation terminated.
configure:5440: $? = 1
configure:5429: mpicc -qversion >&5
gcc: error: unrecognized command-line option '-qversion'; did you mean '--version'?
gcc: fatal error: no input files
compilation terminated.
configure:5440: $? = 1
configure:5460: checking whether the C compiler works
configure:5482: mpicc    conftest.c  >&5
configure:5486: $? = 0
configure:5534: result: yes
configure:5537: checking for C compiler default output file name
configure:5539: result: a.out
configure:5545: checking for suffix of executables
configure:5552: mpicc -o conftest    conftest.c  >&5
configure:5556: $? = 0
configure:5578: result: 
configure:5600: checking whether we are cross compiling
configure:5608: mpicc -o conftest    conftest.c  >&5
configure:5612: $? = 0
configure:5619: ./conftest
configure:5623: $? = 0
configure:5638: result: no
configure:5643: checking for suffix of object files
configure:5665: mpicc -c   conftest.c >&5
configure:5669: $? = 0
configure:5690: result: o
configure:5694: checking whether we are using the GNU C compiler
configure:5713: mpicc -c   conftest.c >&5
configure:5713: $? = 0
configure:5722: result: yes
configure:5731: checking whether mpicc accepts -g
configure:5751: mpicc -c -g  conftest.c >&5
configure:5751: $? = 0
configure:5792: result: yes
configure:5809: checking for mpicc option to accept ISO C89
configure:5872: mpicc  -c   conftest.c >&5
configure:5872: $? = 0
configure:5885: result: none needed
configure:5910: checking whether mpicc understands -c and -o together
configure:5932: mpicc -c conftest.c -o conftest2.o
configure:5935: $? = 0
configure:5932: mpicc -c conftest.c -o conftest2.o
configure:5935: $? = 0
configure:5947: result: yes
configure:5966: checking dependency style of mpicc
configure:6077: result: gcc3
configure:6188: checking for mpif90
configure:6204: found /usr/bin/mpif90
configure:6215: result: mpif90
configure:6241: checking for Fortran compiler version
configure:6250: mpif90 --version >&5
GNU Fortran (Ubuntu 11.3.0-1ubuntu1~22.04) 11.3.0
Copyright (C) 2021 Free Software Foundation, Inc.
This is free software; see the source for copying conditions.  There is NO
warranty; not even for MERCHANTABILITY or FITNESS FOR A PARTICULAR PURPOSE.

configure:6261: $? = 0
configure:6250: mpif90 -v >&5
Using built-in specs.
COLLECT_GCC=/usr/bin/gfortran
COLLECT_LTO_WRAPPER=/usr/lib/gcc/x86_64-linux-gnu/11/lto-wrapper
OFFLOAD_TARGET_NAMES=nvptx-none:amdgcn-amdhsa
OFFLOAD_TARGET_DEFAULT=1
Target: x86_64-linux-gnu
Configured with: ../src/configure -v --with-pkgversion='Ubuntu 11.3.0-1ubuntu1~22.04' --with-bugurl=file:///usr/share/doc/gcc-11/README.Bugs --enable-languages=c,ada,c++,go,brig,d,fortran,objc,obj-c++,m2 --prefix=/usr --with-gcc-major-version-only --program-suffix=-11 --program-prefix=x86_64-linux-gnu- --enable-shared --enable-linker-build-id --libexecdir=/usr/lib --without-included-gettext --enable-threads=posix --libdir=/usr/lib --enable-nls --enable-bootstrap --enable-clocale=gnu --enable-libstdcxx-debug --enable-libstdcxx-time=yes --with-default-libstdcxx-abi=new --enable-gnu-unique-object --disable-vtable-verify --enable-plugin --enable-default-pie --with-system-zlib --enable-libphobos-checking=release --with-target-system-zlib=auto --enable-objc-gc=auto --enable-multiarch --disable-werror --enable-cet --with-arch-32=i686 --with-abi=m64 --with-multilib-list=m32,m64,mx32 --enable-multilib --with-tune=generic --enable-offload-targets=nvptx-none=/build/gcc-11-xKiWfi/gcc-11-11.3.0/debian/tmp-nvptx/usr,amdgcn-amdhsa=/build/gcc-11-xKiWfi/gcc-11-11.3.0/debian/tmp-gcn/usr --without-cuda-driver --enable-checking=release --build=x86_64-linux-gnu --host=x86_64-linux-gnu --target=x86_64-linux-gnu --with-build-config=bootstrap-lto-lean --enable-link-serialization=2
Thread model: posix
Supported LTO compression algorithms: zlib zstd
gcc version 11.3.0 (Ubuntu 11.3.0-1ubuntu1~22.04) 
... rest of stderr output deleted ...
configure:6261: $? = 0
configure:6250: mpif90 -V >&5
gfortran: error: unrecognized command-line option '-V'
gfortran: fatal error: no input files
compilation terminated.
configure:6261: $? = 1
configure:6250: mpif90 -qversion >&5
gfortran: error: unrecognized command-line option '-qversion'; did you mean '--version'?
gfortran: fatal error: no input files
compilation terminated.
configure:6261: $? = 1
configure:6270: checking whether we are using the GNU Fortran compiler
configure:6283: mpif90 -c   conftest.F >&5
configure:6283: $? = 0
configure:6292: result: yes
configure:6298: checking whether mpif90 accepts -g
configure:6309: mpif90 -c -g  conftest.f >&5
configure:6309: $? = 0
configure:6317: result: yes
configure:6418: checking for mpif77
configure:6434: found /usr/bin/mpif77
configure:6445: result: mpif77
configure:6471: checking for Fortran 77 compiler version
configure:6480: mpif77 --version >&5
GNU Fortran (Ubuntu 11.3.0-1ubuntu1~22.04) 11.3.0
Copyright (C) 2021 Free Software Foundation, Inc.
This is free software; see the source for copying conditions.  There is NO
warranty; not even for MERCHANTABILITY or FITNESS FOR A PARTICULAR PURPOSE.

configure:6491: $? = 0
configure:6480: mpif77 -v >&5
Using built-in specs.
COLLECT_GCC=/usr/bin/gfortran
COLLECT_LTO_WRAPPER=/usr/lib/gcc/x86_64-linux-gnu/11/lto-wrapper
OFFLOAD_TARGET_NAMES=nvptx-none:amdgcn-amdhsa
OFFLOAD_TARGET_DEFAULT=1
Target: x86_64-linux-gnu
Configured with: ../src/configure -v --with-pkgversion='Ubuntu 11.3.0-1ubuntu1~22.04' --with-bugurl=file:///usr/share/doc/gcc-11/README.Bugs --enable-languages=c,ada,c++,go,brig,d,fortran,objc,obj-c++,m2 --prefix=/usr --with-gcc-major-version-only --program-suffix=-11 --program-prefix=x86_64-linux-gnu- --enable-shared --enable-linker-build-id --libexecdir=/usr/lib --without-included-gettext --enable-threads=posix --libdir=/usr/lib --enable-nls --enable-bootstrap --enable-clocale=gnu --enable-libstdcxx-debug --enable-libstdcxx-time=yes --with-default-libstdcxx-abi=new --enable-gnu-unique-object --disable-vtable-verify --enable-plugin --enable-default-pie --with-system-zlib --enable-libphobos-checking=release --with-target-system-zlib=auto --enable-objc-gc=auto --enable-multiarch --disable-werror --enable-cet --with-arch-32=i686 --with-abi=m64 --with-multilib-list=m32,m64,mx32 --enable-multilib --with-tune=generic --enable-offload-targets=nvptx-none=/build/gcc-11-xKiWfi/gcc-11-11.3.0/debian/tmp-nvptx/usr,amdgcn-amdhsa=/build/gcc-11-xKiWfi/gcc-11-11.3.0/debian/tmp-gcn/usr --without-cuda-driver --enable-checking=release --build=x86_64-linux-gnu --host=x86_64-linux-gnu --target=x86_64-linux-gnu --with-build-config=bootstrap-lto-lean --enable-link-serialization=2
Thread model: posix
Supported LTO compression algorithms: zlib zstd
gcc version 11.3.0 (Ubuntu 11.3.0-1ubuntu1~22.04) 
... rest of stderr output deleted ...
configure:6491: $? = 0
configure:6480: mpif77 -V >&5
gfortran: error: unrecognized command-line option '-V'
gfortran: fatal error: no input files
compilation terminated.
configure:6491: $? = 1
configure:6480: mpif77 -qversion >&5
gfortran: error: unrecognized command-line option '-qversion'; did you mean '--version'?
gfortran: fatal error: no input files
compilation terminated.
configure:6491: $? = 1
configure:6500: checking whether we are using the GNU Fortran 77 compiler
configure:6513: mpif77 -c  conftest.F >&5
configure:6513: $? = 0
configure:6522: result: yes
configure:6528: checking whether mpif77 accepts -g
configure:6539: mpif77 -c -g conftest.f >&5
configure:6539: $? = 0
configure:6547: result: yes
configure:6735: checking for mpicxx
configure:6751: found /usr/bin/mpicxx
configure:6762: result: mpicxx
configure:6789: checking for C++ compiler version
configure:6798: mpicxx --version >&5
g++ (Ubuntu 11.3.0-1ubuntu1~22.04) 11.3.0
Copyright (C) 2021 Free Software Foundation, Inc.
This is free software; see the source for copying conditions.  There is NO
warranty; not even for MERCHANTABILITY or FITNESS FOR A PARTICULAR PURPOSE.

configure:6809: $? = 0
configure:6798: mpicxx -v >&5
Using built-in specs.
COLLECT_GCC=/usr/bin/g++
COLLECT_LTO_WRAPPER=/usr/lib/gcc/x86_64-linux-gnu/11/lto-wrapper
OFFLOAD_TARGET_NAMES=nvptx-none:amdgcn-amdhsa
OFFLOAD_TARGET_DEFAULT=1
Target: x86_64-linux-gnu
Configured with: ../src/configure -v --with-pkgversion='Ubuntu 11.3.0-1ubuntu1~22.04' --with-bugurl=file:///usr/share/doc/gcc-11/README.Bugs --enable-languages=c,ada,c++,go,brig,d,fortran,objc,obj-c++,m2 --prefix=/usr --with-gcc-major-version-only --program-suffix=-11 --program-prefix=x86_64-linux-gnu- --enable-shared --enable-linker-build-id --libexecdir=/usr/lib --without-included-gettext --enable-threads=posix --libdir=/usr/lib --enable-nls --enable-bootstrap --enable-clocale=gnu --enable-libstdcxx-debug --enable-libstdcxx-time=yes --with-default-libstdcxx-abi=new --enable-gnu-unique-object --disable-vtable-verify --enable-plugin --enable-default-pie --with-system-zlib --enable-libphobos-checking=release --with-target-system-zlib=auto --enable-objc-gc=auto --enable-multiarch --disable-werror --enable-cet --with-arch-32=i686 --with-abi=m64 --with-multilib-list=m32,m64,mx32 --enable-multilib --with-tune=generic --enable-offload-targets=nvptx-none=/build/gcc-11-xKiWfi/gcc-11-11.3.0/debian/tmp-nvptx/usr,amdgcn-amdhsa=/build/gcc-11-xKiWfi/gcc-11-11.3.0/debian/tmp-gcn/usr --without-cuda-driver --enable-checking=release --build=x86_64-linux-gnu --host=x86_64-linux-gnu --target=x86_64-linux-gnu --with-build-config=bootstrap-lto-lean --enable-link-serialization=2
Thread model: posix
Supported LTO compression algorithms: zlib zstd
gcc version 11.3.0 (Ubuntu 11.3.0-1ubuntu1~22.04) 
... rest of stderr output deleted ...
configure:6809: $? = 0
configure:6798: mpicxx -V >&5
g++: error: unrecognized command-line option '-V'
g++: fatal error: no input files
compilation terminated.
configure:6809: $? = 1
configure:6798: mpicxx -qversion >&5
g++: error: unrecognized command-line option '-qversion'; did you mean '--version'?
g++: fatal error: no input files
compilation terminated.
configure:6809: $? = 1
configure:6813: checking whether we are using the GNU C++ compiler
configure:6832: mpicxx -c   conftest.cpp >&5
configure:6832: $? = 0
configure:6841: result: yes
configure:6850: checking whether mpicxx accepts -g
configure:6870: mpicxx -c -g  conftest.cpp >&5
configure:6870: $? = 0
configure:6911: result: yes
configure:6936: checking dependency style of mpicxx
configure:7047: result: gcc3
configure:7082: result: <<< C++ compiler is gcc-11.x >>>
configure:7308: checking for a sed that does not truncate output
configure:7372: result: /usr/bin/sed
configure:7378: checking for C++ compiler vendor
configure:7426: mpicxx -c   conftest.cpp >&5
conftest.cpp: In function 'int main()':
conftest.cpp:18:9: error: 'thisisanerror' was not declared in this scope
   18 |         thisisanerror;
      |         ^~~~~~~~~~~~~
configure:7426: $? = 1
configure: failed program was:
| /* confdefs.h */
| #define PACKAGE_NAME "libmesh"
| #define PACKAGE_TARNAME "libmesh"
| #define PACKAGE_VERSION "1.8.0-pre"
| #define PACKAGE_STRING "libmesh 1.8.0-pre"
| #define PACKAGE_BUGREPORT "https://github.com/libMesh/libmesh/discussions"
| #define PACKAGE_URL "http://libmesh.github.io"
| #define CONFIGURE_INFO "../moose/libmesh/configure "
| #define PACKAGE "libmesh"
| #define VERSION "1.8.0-pre"
| /* end confdefs.h.  */
| 
| int
| main ()
| {
| 
|       #if !(defined(__ICC) || defined(__ECC) || defined(__INTEL_COMPILER))
|         thisisanerror;
|       #endif
| 
|   ;
|   return 0;
| }
configure:7426: mpicxx -c   conftest.cpp >&5
conftest.cpp: In function 'int main()':
conftest.cpp:18:9: error: 'thisisanerror' was not declared in this scope
   18 |         thisisanerror;
      |         ^~~~~~~~~~~~~
configure:7426: $? = 1
configure: failed program was:
| /* confdefs.h */
| #define PACKAGE_NAME "libmesh"
| #define PACKAGE_TARNAME "libmesh"
| #define PACKAGE_VERSION "1.8.0-pre"
| #define PACKAGE_STRING "libmesh 1.8.0-pre"
| #define PACKAGE_BUGREPORT "https://github.com/libMesh/libmesh/discussions"
| #define PACKAGE_URL "http://libmesh.github.io"
| #define CONFIGURE_INFO "../moose/libmesh/configure "
| #define PACKAGE "libmesh"
| #define VERSION "1.8.0-pre"
| /* end confdefs.h.  */
| 
| int
| main ()
| {
| 
|       #if !(defined(__xlc__) || defined(__xlC__) || defined(__IBMC__) || defined(__IBMCPP__))
|         thisisanerror;
|       #endif
| 
|   ;
|   return 0;
| }
configure:7426: mpicxx -c   conftest.cpp >&5
conftest.cpp: In function 'int main()':
conftest.cpp:18:9: error: 'thisisanerror' was not declared in this scope
   18 |         thisisanerror;
      |         ^~~~~~~~~~~~~
configure:7426: $? = 1
configure: failed program was:
| /* confdefs.h */
| #define PACKAGE_NAME "libmesh"
| #define PACKAGE_TARNAME "libmesh"
| #define PACKAGE_VERSION "1.8.0-pre"
| #define PACKAGE_STRING "libmesh 1.8.0-pre"
| #define PACKAGE_BUGREPORT "https://github.com/libMesh/libmesh/discussions"
| #define PACKAGE_URL "http://libmesh.github.io"
| #define CONFIGURE_INFO "../moose/libmesh/configure "
| #define PACKAGE "libmesh"
| #define VERSION "1.8.0-pre"
| /* end confdefs.h.  */
| 
| int
| main ()
| {
| 
|       #if !(defined(__PATHCC__) || defined(__PATHSCALE__))
|         thisisanerror;
|       #endif
| 
|   ;
|   return 0;
| }
configure:7426: mpicxx -c   conftest.cpp >&5
conftest.cpp: In function 'int main()':
conftest.cpp:18:9: error: 'thisisanerror' was not declared in this scope
   18 |         thisisanerror;
      |         ^~~~~~~~~~~~~
configure:7426: $? = 1
configure: failed program was:
| /* confdefs.h */
| #define PACKAGE_NAME "libmesh"
| #define PACKAGE_TARNAME "libmesh"
| #define PACKAGE_VERSION "1.8.0-pre"
| #define PACKAGE_STRING "libmesh 1.8.0-pre"
| #define PACKAGE_BUGREPORT "https://github.com/libMesh/libmesh/discussions"
| #define PACKAGE_URL "http://libmesh.github.io"
| #define CONFIGURE_INFO "../moose/libmesh/configure "
| #define PACKAGE "libmesh"
| #define VERSION "1.8.0-pre"
| /* end confdefs.h.  */
| 
| int
| main ()
| {
| 
|       #if !(defined(__clang__))
|         thisisanerror;
|       #endif
| 
|   ;
|   return 0;
| }
configure:7426: mpicxx -c   conftest.cpp >&5
conftest.cpp: In function 'int main()':
conftest.cpp:18:9: error: 'thisisanerror' was not declared in this scope
   18 |         thisisanerror;
      |         ^~~~~~~~~~~~~
configure:7426: $? = 1
configure: failed program was:
| /* confdefs.h */
| #define PACKAGE_NAME "libmesh"
| #define PACKAGE_TARNAME "libmesh"
| #define PACKAGE_VERSION "1.8.0-pre"
| #define PACKAGE_STRING "libmesh 1.8.0-pre"
| #define PACKAGE_BUGREPORT "https://github.com/libMesh/libmesh/discussions"
| #define PACKAGE_URL "http://libmesh.github.io"
| #define CONFIGURE_INFO "../moose/libmesh/configure "
| #define PACKAGE "libmesh"
| #define VERSION "1.8.0-pre"
| /* end confdefs.h.  */
| 
| int
| main ()
| {
| 
|       #if !(defined(_CRAYC))
|         thisisanerror;
|       #endif
| 
|   ;
|   return 0;
| }
configure:7426: mpicxx -c   conftest.cpp >&5
conftest.cpp: In function 'int main()':
conftest.cpp:18:9: error: 'thisisanerror' was not declared in this scope
   18 |         thisisanerror;
      |         ^~~~~~~~~~~~~
configure:7426: $? = 1
configure: failed program was:
| /* confdefs.h */
| #define PACKAGE_NAME "libmesh"
| #define PACKAGE_TARNAME "libmesh"
| #define PACKAGE_VERSION "1.8.0-pre"
| #define PACKAGE_STRING "libmesh 1.8.0-pre"
| #define PACKAGE_BUGREPORT "https://github.com/libMesh/libmesh/discussions"
| #define PACKAGE_URL "http://libmesh.github.io"
| #define CONFIGURE_INFO "../moose/libmesh/configure "
| #define PACKAGE "libmesh"
| #define VERSION "1.8.0-pre"
| /* end confdefs.h.  */
| 
| int
| main ()
| {
| 
|       #if !(defined(__FUJITSU))
|         thisisanerror;
|       #endif
| 
|   ;
|   return 0;
| }
configure:7426: mpicxx -c   conftest.cpp >&5
conftest.cpp:17:38: error: operator "defined" requires an identifier
   17 |       #if !(defined(SDCC) || defined())
      |                                      ^
conftest.cpp: In function 'int main()':
conftest.cpp:18:9: error: 'thisisanerror' was not declared in this scope
   18 |         thisisanerror;
      |         ^~~~~~~~~~~~~
configure:7426: $? = 1
configure: failed program was:
| /* confdefs.h */
| #define PACKAGE_NAME "libmesh"
| #define PACKAGE_TARNAME "libmesh"
| #define PACKAGE_VERSION "1.8.0-pre"
| #define PACKAGE_STRING "libmesh 1.8.0-pre"
| #define PACKAGE_BUGREPORT "https://github.com/libMesh/libmesh/discussions"
| #define PACKAGE_URL "http://libmesh.github.io"
| #define CONFIGURE_INFO "../moose/libmesh/configure "
| #define PACKAGE "libmesh"
| #define VERSION "1.8.0-pre"
| /* end confdefs.h.  */
| 
| int
| main ()
| {
| 
|       #if !(defined(SDCC) || defined())
|         thisisanerror;
|       #endif
| 
|   ;
|   return 0;
| }
configure:7426: mpicxx -c   conftest.cpp >&5
conftest.cpp: In function 'int main()':
conftest.cpp:18:9: error: 'thisisanerror' was not declared in this scope
   18 |         thisisanerror;
      |         ^~~~~~~~~~~~~
configure:7426: $? = 1
configure: failed program was:
| /* confdefs.h */
| #define PACKAGE_NAME "libmesh"
| #define PACKAGE_TARNAME "libmesh"
| #define PACKAGE_VERSION "1.8.0-pre"
| #define PACKAGE_STRING "libmesh 1.8.0-pre"
| #define PACKAGE_BUGREPORT "https://github.com/libMesh/libmesh/discussions"
| #define PACKAGE_URL "http://libmesh.github.io"
| #define CONFIGURE_INFO "../moose/libmesh/configure "
| #define PACKAGE "libmesh"
| #define VERSION "1.8.0-pre"
| /* end confdefs.h.  */
| 
| int
| main ()
| {
| 
|       #if !(defined(__SDCC))
|         thisisanerror;
|       #endif
| 
|   ;
|   return 0;
| }
configure:7426: mpicxx -c   conftest.cpp >&5
configure:7426: $? = 0
configure:7434: result: gnu
configure:7913: Seeking a C++ standard between "2017" and "2017"
configure:10425: checking whether mpicxx supports C++17 features by default
configure:11219: mpicxx -c   conftest.cpp >&5
configure:11219: $? = 0
configure:11227: result: yes
configure:12916: checking for C++11 auto keyword support
configure:12943: mpicxx -c    conftest.cpp >&5
configure:12943: $? = 0
configure:12945: result: yes
configure:12987: checking for C++11 range-based for loop support
configure:13022: mpicxx -c    conftest.cpp >&5
configure:13022: $? = 0
configure:13024: result: yes
configure:13068: checking for C++11 initializer list support
configure:13097: mpicxx -c    conftest.cpp >&5

## ---------------- ##
## Cache variables. ##
## ---------------- ##

ac_cv_build=x86_64-pc-linux-gnu
ac_cv_c_compiler_gnu=yes
ac_cv_cxx_compiler_gnu=yes
ac_cv_env_CCC_set=
ac_cv_env_CCC_value=
ac_cv_env_CC_set=
ac_cv_env_CC_value=
ac_cv_env_CFLAGS_set=
ac_cv_env_CFLAGS_value=
ac_cv_env_CPPFLAGS_set=
ac_cv_env_CPPFLAGS_value=
ac_cv_env_CPP_set=
ac_cv_env_CPP_value=
ac_cv_env_CXXCPP_set=
ac_cv_env_CXXCPP_value=
ac_cv_env_CXXFLAGS_set=
ac_cv_env_CXXFLAGS_value=
ac_cv_env_CXX_set=
ac_cv_env_CXX_value=
ac_cv_env_F77_set=
ac_cv_env_F77_value=
ac_cv_env_FCFLAGS_set=
ac_cv_env_FCFLAGS_value=
ac_cv_env_FC_set=
ac_cv_env_FC_value=
ac_cv_env_FFLAGS_set=
ac_cv_env_FFLAGS_value=
ac_cv_env_HDF5_DIR_set=
ac_cv_env_HDF5_DIR_value=
ac_cv_env_LDFLAGS_set=
ac_cv_env_LDFLAGS_value=
ac_cv_env_LIBS_set=
ac_cv_env_LIBS_value=
ac_cv_env_LT_SYS_LIBRARY_PATH_set=
ac_cv_env_LT_SYS_LIBRARY_PATH_value=
ac_cv_env_METHODS_set=
ac_cv_env_METHODS_value=
ac_cv_env_PETSC_ARCH_set=
ac_cv_env_PETSC_ARCH_value=
ac_cv_env_PETSC_DIR_set=
ac_cv_env_PETSC_DIR_value=
ac_cv_env_SLEPC_DIR_set=
ac_cv_env_SLEPC_DIR_value=
ac_cv_env_TRILINOS_DIR_set=
ac_cv_env_TRILINOS_DIR_value=
ac_cv_env_VTK_DIR_set=
ac_cv_env_VTK_DIR_value=
ac_cv_env_VTK_INCLUDE_set=
ac_cv_env_VTK_INCLUDE_value=
ac_cv_env_YACC_set=
ac_cv_env_YACC_value=
ac_cv_env_YFLAGS_set=
ac_cv_env_YFLAGS_value=
ac_cv_env_build_alias_set=
ac_cv_env_build_alias_value=
ac_cv_env_host_alias_set=
ac_cv_env_host_alias_value=
ac_cv_env_libmesh_CFLAGS_set=
ac_cv_env_libmesh_CFLAGS_value=
ac_cv_env_libmesh_CPPFLAGS_set=
ac_cv_env_libmesh_CPPFLAGS_value=
ac_cv_env_libmesh_CXXFLAGS_set=
ac_cv_env_libmesh_CXXFLAGS_value=
ac_cv_env_target_alias_set=
ac_cv_env_target_alias_value=
ac_cv_f77_compiler_gnu=yes
ac_cv_fc_compiler_gnu=yes
ac_cv_file_src_base_libmesh_C=no
ac_cv_host=x86_64-pc-linux-gnu
ac_cv_objext=o
ac_cv_path_PERL=/usr/bin/perl
ac_cv_path_SED=/usr/bin/sed
ac_cv_path_install='/usr/bin/install -c'
ac_cv_path_mkdir=/usr/bin/mkdir
ac_cv_prog_AWK=gawk
ac_cv_prog_ac_ct_CC=mpicc
ac_cv_prog_ac_ct_CXX=mpicxx
ac_cv_prog_ac_ct_F77=mpif77
ac_cv_prog_ac_ct_FC=mpif90
ac_cv_prog_cc_c89=
ac_cv_prog_cc_g=yes
ac_cv_prog_cxx_g=yes
ac_cv_prog_f77_g=yes
ac_cv_prog_fc_g=yes
ac_cv_prog_make_make_set=yes
ac_cv_target=x86_64-pc-linux-gnu
am_cv_CC_dependencies_compiler_type=gcc3
am_cv_CXX_dependencies_compiler_type=gcc3
am_cv_make_support_nested_variables=yes
am_cv_prog_cc_c_o=yes
am_cv_prog_tar_ustar=gnutar
ax_cv_cxx_compile_cxx17=yes
ax_cv_cxx_compiler_vendor=gnu

## ----------------- ##
## Output variables. ##
## ----------------- ##

ACLOCAL='${SHELL} /home/bill/projects/moose/libmesh/build-aux/missing aclocal-1.16'
ACSM_ANY_PARANOID_FLAGS=''
ACSM_ANY_WERROR_FLAG=''
ACSM_ENABLE_GLIBCXX_DEBUGGING_CPPUNIT_FALSE=''
ACSM_ENABLE_GLIBCXX_DEBUGGING_CPPUNIT_TRUE=''
ACSM_ENABLE_GLIBCXX_DEBUGGING_FALSE=''
ACSM_ENABLE_GLIBCXX_DEBUGGING_TRUE=''
AMDEPBACKSLASH='\'
AMDEP_FALSE='#'
AMDEP_TRUE=''
AMTAR='$${TAR-tar}'
AM_BACKSLASH='\'
AM_DEFAULT_V='$(AM_DEFAULT_VERBOSITY)'
AM_DEFAULT_VERBOSITY='0'
AM_V='$(V)'
AR=''
AUTOCONF='${SHELL} /home/bill/projects/moose/libmesh/build-aux/missing autoconf'
AUTOHEADER='${SHELL} /home/bill/projects/moose/libmesh/build-aux/missing autoheader'
AUTOMAKE='${SHELL} /home/bill/projects/moose/libmesh/build-aux/missing automake-1.16'
AWK='gawk'
AZTECOO_INCLUDES=''
AZTECOO_LIBS=''
AZTECOO_MAKEFILE_EXPORT=''
BOOST_CPPFLAGS=''
BOOST_LDFLAGS=''
BUILD_ARCH=''
BUILD_DEVSTATUS=''
BUILD_HOST=''
BUILD_METAPHYSICL_FALSE=''
BUILD_METAPHYSICL_TRUE=''
BUILD_METIS_FALSE=''
BUILD_METIS_TRUE=''
BUILD_PARMETIS_FALSE=''
BUILD_PARMETIS_TRUE=''
BUILD_USER=''
BUILD_VERSION=''
BUNZIP2=''
BZIP2=''
CAPNPROTO_INCLUDE=''
CAPNPROTO_LIBRARY=''
CAPNP_BINARY=''
CC='mpicc'
CCDEPMODE='depmode=gcc3'
CFLAGS=''
CFLAGS_DBG=''
CFLAGS_DEVEL=''
CFLAGS_DVL=''
CFLAGS_OPROF=''
CFLAGS_OPT=''
CFLAGS_PROF=''
CODE_COVERAGE_ENABLED_FALSE=''
CODE_COVERAGE_ENABLED_TRUE=''
CPP=''
CPPFLAGS=''
CPPFLAGS_DBG=''
CPPFLAGS_DEVEL=''
CPPFLAGS_OPROF=''
CPPFLAGS_OPT=''
CPPFLAGS_PROF=''
CPPUNIT_CFLAGS=''
CPPUNIT_CONFIG=''
CPPUNIT_LIBS=''
CURL_INCLUDE=''
CURL_LIBRARY=''
CXX='mpicxx'
CXXCPP=''
CXXDEPMODE='depmode=gcc3'
CXXFLAGS=' '
CXXFLAGS_DBG=''
CXXFLAGS_DEVEL=''
CXXFLAGS_DVL=''
CXXFLAGS_OPROF=''
CXXFLAGS_OPT=''
CXXFLAGS_PROF=''
CXXSHAREDFLAG=''
CYGPATH_W='echo'
DEFS=''
DEPDIR='.deps'
DLLTOOL=''
DOT=''
DOTPATH=''
DOXYGEN=''
DSYMUTIL=''
DTK_MAKEFILE_EXPORT=''
DUMPBIN=''
ECHO_C=''
ECHO_N='-n'
ECHO_T=''
EGREP=''
EIGEN_INCLUDE=''
EXEEXT=''
EXODUS_FORTRAN_API_FALSE=''
EXODUS_FORTRAN_API_TRUE=''
EXODUS_INCLUDE=''
EXODUS_NOT_NETCDF4_FLAG=''
F77='mpif77'
FC='mpif90'
FCFLAGS='-g -O2'
FFLAGS='-g -O2'
FGREP=''
FLIBS=''
FPARSER_DEVEL_FALSE=''
FPARSER_DEVEL_TRUE=''
FPARSER_INCLUDE=''
FPARSER_LIBRARY=''
FPARSER_NO_PSABI_FALSE=''
FPARSER_NO_PSABI_TRUE=''
FPARSER_RELEASE_FALSE=''
FPARSER_RELEASE_TRUE=''
FPARSER_SUPPORT_DEBUGGING_FALSE=''
FPARSER_SUPPORT_DEBUGGING_TRUE=''
FPARSER_SUPPORT_JIT_FALSE=''
FPARSER_SUPPORT_JIT_TRUE=''
GCOV_FLAGS=''
GCOV_LDFLAGS=''
GIT_CHECKOUT_FALSE=''
GIT_CHECKOUT_TRUE=''
GIT_REVISION=''
GLPK_INCLUDE=''
GLPK_LIBRARY=''
GMV_INCLUDE=''
GMV_LIBRARY=''
GREP=''
GXX_VERSION='gcc11'
GZSTREAM_INCLUDE=''
GZSTREAM_LIB=''
HAVE_CXX11=''
HAVE_CXX11_ALIAS_DECLARATIONS_FALSE=''
HAVE_CXX11_ALIAS_DECLARATIONS_TRUE=''
HAVE_CXX11_AUTO_FALSE='#'
HAVE_CXX11_AUTO_TRUE=''
HAVE_CXX11_CONDITION_VARIABLE_FALSE=''
HAVE_CXX11_CONDITION_VARIABLE_TRUE=''
HAVE_CXX11_CONSTEXPR_FALSE=''
HAVE_CXX11_CONSTEXPR_TRUE=''
HAVE_CXX11_DECLTYPE_FALSE=''
HAVE_CXX11_DECLTYPE_TRUE=''
HAVE_CXX11_DEFAULTED_FUNCTIONS_FALSE=''
HAVE_CXX11_DEFAULTED_FUNCTIONS_TRUE=''
HAVE_CXX11_DELETED_FUNCTIONS_FALSE=''
HAVE_CXX11_DELETED_FUNCTIONS_TRUE=''
HAVE_CXX11_ERF_FALSE=''
HAVE_CXX11_ERF_TRUE=''
HAVE_CXX11_FINAL_FALSE=''
HAVE_CXX11_FINAL_TRUE=''
HAVE_CXX11_FIXED_TYPE_ENUM_FALSE=''
HAVE_CXX11_FIXED_TYPE_ENUM_FWD_FALSE=''
HAVE_CXX11_FIXED_TYPE_ENUM_FWD_TRUE=''
HAVE_CXX11_FIXED_TYPE_ENUM_TRUE=''
HAVE_CXX11_INITIALIZER_LIST_FALSE=''
HAVE_CXX11_INITIALIZER_LIST_TRUE=''
HAVE_CXX11_INVERSE_HYPERBOLIC_COSINE_COMPLEX_FALSE=''
HAVE_CXX11_INVERSE_HYPERBOLIC_COSINE_COMPLEX_TRUE=''
HAVE_CXX11_INVERSE_HYPERBOLIC_COSINE_FALSE=''
HAVE_CXX11_INVERSE_HYPERBOLIC_COSINE_TRUE=''
HAVE_CXX11_INVERSE_HYPERBOLIC_SINE_COMPLEX_FALSE=''
HAVE_CXX11_INVERSE_HYPERBOLIC_SINE_COMPLEX_TRUE=''
HAVE_CXX11_INVERSE_HYPERBOLIC_SINE_FALSE=''
HAVE_CXX11_INVERSE_HYPERBOLIC_SINE_TRUE=''
HAVE_CXX11_INVERSE_HYPERBOLIC_TANGENT_COMPLEX_FALSE=''
HAVE_CXX11_INVERSE_HYPERBOLIC_TANGENT_COMPLEX_TRUE=''
HAVE_CXX11_INVERSE_HYPERBOLIC_TANGENT_FALSE=''
HAVE_CXX11_INVERSE_HYPERBOLIC_TANGENT_TRUE=''
HAVE_CXX11_LAMBDA_FALSE=''
HAVE_CXX11_LAMBDA_TRUE=''
HAVE_CXX11_MAKE_UNIQUE_WORKAROUND_FALSE=''
HAVE_CXX11_MAKE_UNIQUE_WORKAROUND_TRUE=''
HAVE_CXX11_MOVE_CONSTRUCTORS_FALSE=''
HAVE_CXX11_MOVE_CONSTRUCTORS_TRUE=''
HAVE_CXX11_NULLPTR_FALSE=''
HAVE_CXX11_NULLPTR_TRUE=''
HAVE_CXX11_OVERRIDE_FALSE=''
HAVE_CXX11_OVERRIDE_TRUE=''
HAVE_CXX11_RANGEFOR_FALSE='#'
HAVE_CXX11_RANGEFOR_TRUE=''
HAVE_CXX11_REGEX_FALSE=''
HAVE_CXX11_REGEX_TRUE=''
HAVE_CXX11_RVALUE_REFERENCES_FALSE=''
HAVE_CXX11_RVALUE_REFERENCES_TRUE=''
HAVE_CXX11_SHARED_PTR_FALSE=''
HAVE_CXX11_SHARED_PTR_TRUE=''
HAVE_CXX11_THREAD_FALSE=''
HAVE_CXX11_THREAD_TRUE=''
HAVE_CXX11_TO_STRING_FALSE=''
HAVE_CXX11_TO_STRING_TRUE=''
HAVE_CXX11_TUPLE_FALSE=''
HAVE_CXX11_TUPLE_TRUE=''
HAVE_CXX11_TYPE_TRAITS_FALSE=''
HAVE_CXX11_TYPE_TRAITS_TRUE=''
HAVE_CXX11_UNIQUE_PTR_FALSE=''
HAVE_CXX11_UNIQUE_PTR_TRUE=''
HAVE_CXX11_VARIADIC_TEMPLATES_FALSE=''
HAVE_CXX11_VARIADIC_TEMPLATES_TRUE=''
HAVE_CXX14=''
HAVE_CXX14_MAKE_UNIQUE_FALSE=''
HAVE_CXX14_MAKE_UNIQUE_TRUE=''
HAVE_CXX17='1'
HAVE_CXX17_FALLTHROUGH_ATTRIBUTE_FALSE=''
HAVE_CXX17_FALLTHROUGH_ATTRIBUTE_TRUE=''
HAVE_DOT=''
HAVE_DOUBLE_UNDERSCORE_ATTRIBUTE_FALLTHROUGH_FALSE=''
HAVE_DOUBLE_UNDERSCORE_ATTRIBUTE_FALLTHROUGH_TRUE=''
HAVE_GCOV_TOOLS=''
HDF5_CFLAGS=''
HDF5_CPPFLAGS=''
HDF5_CXXLIBS=''
HDF5_DIR=''
HDF5_FLIBS=''
HDF5_LIBS=''
HDF5_PREFIX=''
INSTALL_DATA='${INSTALL} -m 644'
INSTALL_PROGRAM='${INSTALL}'
INSTALL_SCRIPT='${INSTALL}'
INSTALL_STRIP_PROGRAM='$(install_sh) -c -s'
LASPACK_INCLUDE=''
LASPACK_LIB=''
LD=''
LDFLAGS=''
LIBHILBERT_INCLUDE=''
LIBHILBERT_LIBRARY=''
LIBMESH_DBG_MODE_FALSE=''
LIBMESH_DBG_MODE_TRUE=''
LIBMESH_DEVEL_MODE_FALSE=''
LIBMESH_DEVEL_MODE_TRUE=''
LIBMESH_ENABLE_CAPNPROTO_FALSE=''
LIBMESH_ENABLE_CAPNPROTO_TRUE=''
LIBMESH_ENABLE_COMPLEX_FALSE=''
LIBMESH_ENABLE_COMPLEX_TRUE=''
LIBMESH_ENABLE_CPPUNIT_FALSE=''
LIBMESH_ENABLE_CPPUNIT_TRUE=''
LIBMESH_ENABLE_CURL_FALSE=''
LIBMESH_ENABLE_CURL_TRUE=''
LIBMESH_ENABLE_EIGEN_FALSE=''
LIBMESH_ENABLE_EIGEN_TRUE=''
LIBMESH_ENABLE_EXAMPLES_FALSE=''
LIBMESH_ENABLE_EXAMPLES_TRUE=''
LIBMESH_ENABLE_EXODUS_FALSE=''
LIBMESH_ENABLE_EXODUS_TRUE=''
LIBMESH_ENABLE_EXODUS_V509_FALSE=''
LIBMESH_ENABLE_EXODUS_V509_TRUE=''
LIBMESH_ENABLE_EXODUS_V522_FALSE=''
LIBMESH_ENABLE_EXODUS_V522_TRUE=''
LIBMESH_ENABLE_EXODUS_V811_FALSE=''
LIBMESH_ENABLE_EXODUS_V811_TRUE=''
LIBMESH_ENABLE_FPARSER_FALSE=''
LIBMESH_ENABLE_FPARSER_TRUE=''
LIBMESH_ENABLE_GLPK_FALSE=''
LIBMESH_ENABLE_GLPK_TRUE=''
LIBMESH_ENABLE_GMV_FALSE=''
LIBMESH_ENABLE_GMV_TRUE=''
LIBMESH_ENABLE_GZSTREAMS_FALSE=''
LIBMESH_ENABLE_GZSTREAMS_TRUE=''
LIBMESH_ENABLE_HDF5_FALSE=''
LIBMESH_ENABLE_HDF5_TRUE=''
LIBMESH_ENABLE_INFINITE_ELEMENTS_FALSE=''
LIBMESH_ENABLE_INFINITE_ELEMENTS_TRUE=''
LIBMESH_ENABLE_LASPACK_FALSE=''
LIBMESH_ENABLE_LASPACK_TRUE=''
LIBMESH_ENABLE_LIBHILBERT_FALSE=''
LIBMESH_ENABLE_LIBHILBERT_TRUE=''
LIBMESH_ENABLE_METAPHYSICL_FALSE=''
LIBMESH_ENABLE_METAPHYSICL_TRUE=''
LIBMESH_ENABLE_METIS_FALSE=''
LIBMESH_ENABLE_METIS_TRUE=''
LIBMESH_ENABLE_NANOFLANN_FALSE=''
LIBMESH_ENABLE_NANOFLANN_TRUE=''
LIBMESH_ENABLE_NEMESIS_FALSE=''
LIBMESH_ENABLE_NEMESIS_TRUE=''
LIBMESH_ENABLE_NEMESIS_V309_FALSE=''
LIBMESH_ENABLE_NEMESIS_V309_TRUE=''
LIBMESH_ENABLE_NEMESIS_V522_FALSE=''
LIBMESH_ENABLE_NEMESIS_V522_TRUE=''
LIBMESH_ENABLE_NEMESIS_V811_FALSE=''
LIBMESH_ENABLE_NEMESIS_V811_TRUE=''
LIBMESH_ENABLE_NETCDF_FALSE=''
LIBMESH_ENABLE_NETCDF_TRUE=''
LIBMESH_ENABLE_NETCDF_V4_FALSE=''
LIBMESH_ENABLE_NETCDF_V4_TRUE=''
LIBMESH_ENABLE_NLOPT_FALSE=''
LIBMESH_ENABLE_NLOPT_TRUE=''
LIBMESH_ENABLE_PARMETIS_FALSE=''
LIBMESH_ENABLE_PARMETIS_TRUE=''
LIBMESH_ENABLE_PETSC_FALSE=''
LIBMESH_ENABLE_PETSC_TRUE=''
LIBMESH_ENABLE_POLY2TRI_FALSE=''
LIBMESH_ENABLE_POLY2TRI_TRUE=''
LIBMESH_ENABLE_QHULL_FALSE=''
LIBMESH_ENABLE_QHULL_TRUE=''
LIBMESH_ENABLE_SFC_FALSE=''
LIBMESH_ENABLE_SFC_TRUE=''
LIBMESH_ENABLE_SLEPC_FALSE=''
LIBMESH_ENABLE_SLEPC_TRUE=''
LIBMESH_ENABLE_TECIO_FALSE=''
LIBMESH_ENABLE_TECIO_TRUE=''
LIBMESH_ENABLE_TECPLOT_FALSE=''
LIBMESH_ENABLE_TECPLOT_TRUE=''
LIBMESH_ENABLE_TETGEN_FALSE=''
LIBMESH_ENABLE_TETGEN_TRUE=''
LIBMESH_ENABLE_TRIANGLE_FALSE=''
LIBMESH_ENABLE_TRIANGLE_TRUE=''
LIBMESH_ENABLE_VTK_FALSE=''
LIBMESH_ENABLE_VTK_TRUE=''
LIBMESH_INSTALL_INTERNAL_BOOST_FALSE=''
LIBMESH_INSTALL_INTERNAL_BOOST_TRUE=''
LIBMESH_INSTALL_INTERNAL_EIGEN_FALSE=''
LIBMESH_INSTALL_INTERNAL_EIGEN_TRUE=''
LIBMESH_OPROF_MODE_FALSE=''
LIBMESH_OPROF_MODE_TRUE=''
LIBMESH_OPT_MODE_FALSE=''
LIBMESH_OPT_MODE_TRUE=''
LIBMESH_PROF_MODE_FALSE=''
LIBMESH_PROF_MODE_TRUE=''
LIBMESH_VPATH_BUILD_FALSE='#'
LIBMESH_VPATH_BUILD_TRUE=''
LIBOBJS=''
LIBS=''
LIBTOOL=''
LIPO=''
LN_S=''
LOCAL_CXX=''
LTLIBOBJS=''
LT_SYS_LIBRARY_PATH=''
MAINT='#'
MAINTAINER_MODE_FALSE=''
MAINTAINER_MODE_TRUE='#'
MAKEINFO='${SHELL} /home/bill/projects/moose/libmesh/build-aux/missing makeinfo'
MANIFEST_TOOL=''
METAPHYSICL_INCLUDE=''
METHOD=''
METHODS=''
METIS_INCLUDE=''
METIS_LIB=''
MKDIR_P='/usr/bin/mkdir -p'
ML_INCLUDES=''
ML_LIBS=''
ML_MAKEFILE_EXPORT=''
MPCXX=''
MPI_IMPL=''
MPI_INCLUDES=''
MPI_LDFLAGS=''
MPI_LIBS=''
NANOFLANN_INCLUDE=''
NEMESIS_INCLUDE=''
NETCDF_INCLUDE=''
NLOPT_INCLUDE=''
NLOPT_LIBRARY=''
NM=''
NMEDIT=''
NODEPRECATEDFLAG=''
NOX_INCLUDES=''
NOX_LIBS=''
NOX_MAKEFILE_EXPORT=''
OBJDUMP=''
OBJEXT='o'
OPENMP_CFLAGS=''
OPENMP_CXXFLAGS=''
OPENMP_FFLAGS=''
OPROFILE_FLAGS=''
OTOOL64=''
OTOOL=''
PACKAGE='libmesh'
PACKAGE_BUGREPORT='https://github.com/libMesh/libmesh/discussions'
PACKAGE_NAME='libmesh'
PACKAGE_STRING='libmesh 1.8.0-pre'
PACKAGE_TARNAME='libmesh'
PACKAGE_URL='http://libmesh.github.io'
PACKAGE_VERSION='1.8.0-pre'
PARMETIS_INCLUDE=''
PARMETIS_LIB=''
PATH_SEPARATOR=':'
PERL='/usr/bin/perl'
PETSCARCH=''
PETSCINCLUDEDIRS=''
PETSCLINKLIBS=''
PETSC_ARCH=''
PETSC_CC_INCLUDES=''
PETSC_DIR=''
PETSC_FC_INCLUDES=''
PKG_CONFIG=''
PROFILING_FLAGS=''
PRTDIAG=''
PTHREAD_CC=''
PTHREAD_CFLAGS=''
PTHREAD_LIBS=''
PWD='/home/bill/projects/libmesh-skinning'
QHULL_LIBS=''
RANLIB=''
RPATHFLAG=''
SED='/usr/bin/sed'
SET_MAKE=''
SFC_INCLUDE=''
SFC_LIB=''
SHELL='/bin/bash'
SLEPC_DIR=''
SLEPC_INCLUDE=''
SLEPC_LIBS=''
STRIP=''
TBB_INCLUDE=''
TBB_LIBRARY=''
TECIO_CPPFLAGS=''
TECIO_INCLUDE=''
TETGEN_INCLUDE=''
TETGEN_LIBRARY=''
TPETRA_INCLUDES=''
TPETRA_LIBS=''
TPETRA_MAKEFILE_EXPORT=''
TRIANGLE_INCLUDE=''
TRIANGLE_LIBRARY=''
TRILINOS_DIR=''
TRILINOS_INCLUDES=''
TRILINOS_LIBS=''
TRILINOS_MAKEFILE_EXPORT=''
VERSION='1.8.0-pre'
VTK_DIR=''
VTK_INCLUDE=''
VTK_LIBRARY=''
XZ=''
YACC=''
YFLAGS=''
ac_ct_AR=''
ac_ct_CC='mpicc'
ac_ct_CXX='mpicxx'
ac_ct_DUMPBIN=''
ac_ct_F77='mpif77'
ac_ct_FC='mpif90'
am__EXEEXT_FALSE=''
am__EXEEXT_TRUE=''
am__fastdepCC_FALSE='#'
am__fastdepCC_TRUE=''
am__fastdepCXX_FALSE='#'
am__fastdepCXX_TRUE=''
am__include='include'
am__isrc=' -I$(srcdir)'
am__leading_dot='.'
am__nodep='_no'
am__quote=''
am__tar='tar --format=ustar -chf - "$$tardir"'
am__untar='tar -xf -'
ax_pthread_config=''
bindir='${exec_prefix}/bin'
build='x86_64-pc-linux-gnu'
build_alias=''
build_cpu='x86_64'
build_os='linux-gnu'
build_vendor='pc'
datadir='${datarootdir}'
datarootdir='${prefix}/share'
docdir='${datarootdir}/doc/${PACKAGE_TARNAME}'
dvidir='${docdir}'
enabledeprecated=''
enablefwdenums=''
enablelegacyincludepaths=''
enablepetsc='no'
enableuniqueptr=''
enablewarnings=''
exec_prefix='NONE'
gitquery=''
have_gcov=''
host='x86_64-pc-linux-gnu'
host_alias=''
host_cpu='x86_64'
host_os='linux-gnu'
host_vendor='pc'
htmldir='${docdir}'
includedir='${prefix}/include'
infodir='${datarootdir}/info'
install_sh='${SHELL} /home/bill/projects/moose/libmesh/build-aux/install-sh'
libdir='${exec_prefix}/lib'
libexecdir='${exec_prefix}/libexec'
libmesh_CFLAGS=''
libmesh_CPPFLAGS=''
libmesh_CXXFLAGS=''
libmesh_LDFLAGS=''
libmesh_contrib_INCLUDES=''
libmesh_installed_LIBS=''
libmesh_optional_INCLUDES=''
libmesh_optional_LIBS=''
libmesh_pkgconfig_requires=''
libmesh_precision_LIBS=''
localedir='${datarootdir}/locale'
localstatedir='${prefix}/var'
mandir='${datarootdir}/man'
mkdir_p='$(MKDIR_P)'
oldincludedir='/usr/include'
pdfdir='${docdir}'
petscmajor=''
petscmajorminor=''
petscminor=''
petscversion=''
prefix='NONE'
program_transform_name='s,x,x,'
psdir='${docdir}'
sbindir='${exec_prefix}/sbin'
sharedstatedir='${prefix}/com'
subdirs_extra=''
sysconfdir='${prefix}/etc'
target='x86_64-pc-linux-gnu'
target_alias=''
target_cpu='x86_64'
target_os='linux-gnu'
target_vendor='pc'
vtkbuild=''
vtkmajor=''
vtkversion=''

## ----------- ##
## confdefs.h. ##
## ----------- ##

/* confdefs.h */
#define PACKAGE_NAME "libmesh"
#define PACKAGE_TARNAME "libmesh"
#define PACKAGE_VERSION "1.8.0-pre"
#define PACKAGE_STRING "libmesh 1.8.0-pre"
#define PACKAGE_BUGREPORT "https://github.com/libMesh/libmesh/discussions"
#define PACKAGE_URL "http://libmesh.github.io"
#define CONFIGURE_INFO "../moose/libmesh/configure "
#define PACKAGE "libmesh"
#define VERSION "1.8.0-pre"
#define HAVE_CXX17 1
#define HAVE_CXX11_AUTO 1
#define HAVE_CXX11_RANGEFOR 1

configure: caught signal 2
configure: exit 1
